2025-07-22T08:33:14: PM2 log: ===============================================================================
2025-07-22T08:33:14: PM2 log: --- New PM2 Daemon started ----------------------------------------------------
2025-07-22T08:33:14: PM2 log: Time                 : Tue Jul 22 2025 08:33:14 GMT+0000 (Coordinated Universal Time)
2025-07-22T08:33:14: PM2 log: PM2 version          : 6.0.8
2025-07-22T08:33:14: PM2 log: Node.js version      : 22.17.1
2025-07-22T08:33:14: PM2 log: Current arch         : x64
2025-07-22T08:33:14: PM2 log: PM2 home             : /root/.pm2
2025-07-22T08:33:14: PM2 log: PM2 PID file         : /root/.pm2/pm2.pid
2025-07-22T08:33:14: PM2 log: RPC socket file      : /root/.pm2/rpc.sock
2025-07-22T08:33:14: PM2 log: BUS socket file      : /root/.pm2/pub.sock
2025-07-22T08:33:14: PM2 log: Application log path : /root/.pm2/logs
2025-07-22T08:33:14: PM2 log: Worker Interval      : 30000
2025-07-22T08:33:14: PM2 log: Process dump file    : /root/.pm2/dump.pm2
2025-07-22T08:33:14: PM2 log: Concurrent actions   : 2
2025-07-22T08:33:14: PM2 log: SIGTERM timeout      : 1600
2025-07-22T08:33:14: PM2 log: Runtime Binary       : /usr/bin/node
2025-07-22T08:33:14: PM2 log: ===============================================================================
2025-07-22T08:35:09: PM2 log: App [node-app:0] starting in -fork mode-
2025-07-22T08:35:09: PM2 log: App [node-app:0] online
2025-07-22T08:35:09: PM2 log: App [node-app:0] exited with code [1] via signal [SIGINT]
2025-07-22T08:35:09: PM2 log: App [node-app:0] starting in -fork mode-
2025-07-22T08:35:09: PM2 log: App [node-app:0] online
2025-07-22T08:35:10: PM2 log: App [node-app:0] exited with code [1] via signal [SIGINT]
2025-07-22T08:35:10: PM2 log: App [node-app:0] starting in -fork mode-
2025-07-22T08:35:10: PM2 log: App [node-app:0] online
2025-07-22T08:35:10: PM2 log: App [node-app:0] exited with code [1] via signal [SIGINT]
2025-07-22T08:35:10: PM2 log: App [node-app:0] starting in -fork mode-
2025-07-22T08:35:10: PM2 log: App [node-app:0] online
2025-07-22T08:35:10: PM2 log: App [node-app:0] exited with code [1] via signal [SIGINT]
2025-07-22T08:35:10: PM2 log: App [node-app:0] starting in -fork mode-
2025-07-22T08:35:10: PM2 log: App [node-app:0] online
2025-07-22T08:35:10: PM2 log: App [node-app:0] exited with code [1] via signal [SIGINT]
2025-07-22T08:35:10: PM2 log: App [node-app:0] starting in -fork mode-
2025-07-22T08:35:10: PM2 log: App [node-app:0] online
2025-07-22T08:35:10: PM2 log: App [node-app:0] exited with code [1] via signal [SIGINT]
2025-07-22T08:35:10: PM2 log: App [node-app:0] starting in -fork mode-
2025-07-22T08:35:10: PM2 log: App [node-app:0] online
2025-07-22T08:35:10: PM2 log: App [node-app:0] exited with code [1] via signal [SIGINT]
2025-07-22T08:35:10: PM2 log: App [node-app:0] starting in -fork mode-
2025-07-22T08:35:10: PM2 log: App [node-app:0] online
2025-07-22T08:35:10: PM2 log: App [node-app:0] exited with code [1] via signal [SIGINT]
2025-07-22T08:35:10: PM2 log: App [node-app:0] starting in -fork mode-
2025-07-22T08:35:10: PM2 log: App [node-app:0] online
2025-07-22T08:35:11: PM2 log: App [node-app:0] exited with code [1] via signal [SIGINT]
2025-07-22T08:35:11: PM2 log: App [node-app:0] starting in -fork mode-
2025-07-22T08:35:11: PM2 log: App [node-app:0] online
2025-07-22T08:35:11: PM2 log: App [node-app:0] exited with code [1] via signal [SIGINT]
2025-07-22T08:35:11: PM2 log: App [node-app:0] starting in -fork mode-
2025-07-22T08:35:11: PM2 log: App [node-app:0] online
2025-07-22T08:35:11: PM2 log: App [node-app:0] exited with code [1] via signal [SIGINT]
2025-07-22T08:35:11: PM2 log: App [node-app:0] starting in -fork mode-
2025-07-22T08:35:11: PM2 log: App [node-app:0] online
2025-07-22T08:35:11: PM2 log: App [node-app:0] exited with code [1] via signal [SIGINT]
2025-07-22T08:35:11: PM2 log: App [node-app:0] starting in -fork mode-
2025-07-22T08:35:11: PM2 log: App [node-app:0] online
2025-07-22T08:35:11: PM2 log: App [node-app:0] exited with code [1] via signal [SIGINT]
2025-07-22T08:35:11: PM2 log: App [node-app:0] starting in -fork mode-
2025-07-22T08:35:11: PM2 log: App [node-app:0] online
2025-07-22T08:35:11: PM2 log: App [node-app:0] exited with code [1] via signal [SIGINT]
2025-07-22T08:35:11: PM2 log: App [node-app:0] starting in -fork mode-
2025-07-22T08:35:11: PM2 log: App [node-app:0] online
2025-07-22T08:35:12: PM2 log: App [node-app:0] exited with code [1] via signal [SIGINT]
2025-07-22T08:35:12: PM2 log: App [node-app:0] starting in -fork mode-
2025-07-22T08:35:12: PM2 log: App [node-app:0] online
2025-07-22T08:35:12: PM2 log: App [node-app:0] exited with code [1] via signal [SIGINT]
2025-07-22T08:35:12: PM2 log: Script /root/index.js had too many unstable restarts (16). Stopped. "errored"
2025-07-22T08:41:50: PM2 log: App [node-app:0] starting in -fork mode-
2025-07-22T08:41:50: PM2 log: App [node-app:0] online
2025-07-22T08:41:50: PM2 log: App [node-app:0] exited with code [1] via signal [SIGINT]
2025-07-22T08:41:50: PM2 log: App [node-app:0] starting in -fork mode-
2025-07-22T08:41:50: PM2 log: App [node-app:0] online
2025-07-22T08:41:50: PM2 log: App [node-app:0] exited with code [1] via signal [SIGINT]
2025-07-22T08:41:50: PM2 log: App [node-app:0] starting in -fork mode-
2025-07-22T08:41:50: PM2 log: App [node-app:0] online
2025-07-22T08:41:50: PM2 log: App [node-app:0] exited with code [1] via signal [SIGINT]
2025-07-22T08:41:50: PM2 log: App [node-app:0] starting in -fork mode-
2025-07-22T08:41:50: PM2 log: App [node-app:0] online
2025-07-22T08:41:51: PM2 log: App [node-app:0] exited with code [1] via signal [SIGINT]
2025-07-22T08:41:51: PM2 log: App [node-app:0] starting in -fork mode-
2025-07-22T08:41:51: PM2 log: App [node-app:0] online
2025-07-22T08:41:51: PM2 log: App [node-app:0] exited with code [1] via signal [SIGINT]
2025-07-22T08:41:51: PM2 log: App [node-app:0] starting in -fork mode-
2025-07-22T08:41:51: PM2 log: App [node-app:0] online
2025-07-22T08:41:51: PM2 log: App [node-app:0] exited with code [1] via signal [SIGINT]
2025-07-22T08:41:51: PM2 log: App [node-app:0] starting in -fork mode-
2025-07-22T08:41:51: PM2 log: App [node-app:0] online
2025-07-22T08:41:51: PM2 log: App [node-app:0] exited with code [1] via signal [SIGINT]
2025-07-22T08:41:51: PM2 log: App [node-app:0] starting in -fork mode-
2025-07-22T08:41:51: PM2 log: App [node-app:0] online
2025-07-22T08:41:51: PM2 log: App [node-app:0] exited with code [1] via signal [SIGINT]
2025-07-22T08:41:51: PM2 log: App [node-app:0] starting in -fork mode-
2025-07-22T08:41:51: PM2 log: App [node-app:0] online
2025-07-22T08:41:51: PM2 log: App [node-app:0] exited with code [1] via signal [SIGINT]
2025-07-22T08:41:51: PM2 log: App [node-app:0] starting in -fork mode-
2025-07-22T08:41:51: PM2 log: App [node-app:0] online
2025-07-22T08:41:51: PM2 log: App [node-app:0] exited with code [1] via signal [SIGINT]
2025-07-22T08:41:51: PM2 log: App [node-app:0] starting in -fork mode-
2025-07-22T08:41:51: PM2 log: App [node-app:0] online
2025-07-22T08:41:52: PM2 log: App [node-app:0] exited with code [1] via signal [SIGINT]
2025-07-22T08:41:52: PM2 log: App [node-app:0] starting in -fork mode-
2025-07-22T08:41:52: PM2 log: App [node-app:0] online
2025-07-22T08:41:52: PM2 log: App [node-app:0] exited with code [1] via signal [SIGINT]
2025-07-22T08:41:52: PM2 log: App [node-app:0] starting in -fork mode-
2025-07-22T08:41:52: PM2 log: App [node-app:0] online
2025-07-22T08:41:52: PM2 log: App [node-app:0] exited with code [1] via signal [SIGINT]
2025-07-22T08:41:52: PM2 log: App [node-app:0] starting in -fork mode-
2025-07-22T08:41:52: PM2 log: App [node-app:0] online
2025-07-22T08:41:52: PM2 log: App [node-app:0] exited with code [1] via signal [SIGINT]
2025-07-22T08:41:52: PM2 log: App [node-app:0] starting in -fork mode-
2025-07-22T08:41:52: PM2 log: App [node-app:0] online
2025-07-22T08:41:52: PM2 log: App [node-app:0] exited with code [1] via signal [SIGINT]
2025-07-22T08:41:52: PM2 log: App [node-app:0] starting in -fork mode-
2025-07-22T08:41:52: PM2 log: App [node-app:0] online
2025-07-22T08:41:52: PM2 log: App [node-app:0] exited with code [1] via signal [SIGINT]
2025-07-22T08:41:52: PM2 log: Script /root/index.js had too many unstable restarts (16). Stopped. "errored"
2025-07-22T08:46:51: PM2 log: App [node-app:0] starting in -fork mode-
2025-07-22T08:46:51: PM2 log: App [node-app:0] online
